0 info it worked if it ends with ok
1 verbose cli [ 'c:\\Program Files (x86)\\nodejs\\node.exe',
1 verbose cli   'c:\\Program Files (x86)\\nodejs\\node_modules\\npm\\bin\\npm-cli.js',
1 verbose cli   'start' ]
2 info using npm@1.4.28
3 info using node@v0.10.32
4 verbose run-script [ 'prestart', 'start', 'poststart' ]
5 info prestart homogen@0.0.1
6 info start homogen@0.0.1
7 verbose unsafe-perm in lifecycle true
8 info homogen@0.0.1 Failed to exec start script
9 error homogen@0.0.1 start: `http-server -a localhost/frontend -p 8000 -c-1`
9 error Exit status 8
10 error Failed at the homogen@0.0.1 start script.
10 error This is most likely a problem with the homogen package,
10 error not with npm itself.
10 error Tell the author that this fails on your system:
10 error     http-server -a localhost/frontend -p 8000 -c-1
10 error You can get their info via:
10 error     npm owner ls homogen
10 error There is likely additional logging output above.
11 error System Windows_NT 6.2.9200
12 error command "c:\\Program Files (x86)\\nodejs\\node.exe" "c:\\Program Files (x86)\\nodejs\\node_modules\\npm\\bin\\npm-cli.js" "start"
13 error cwd c:\homogen-master
14 error node -v v0.10.32
15 error npm -v 1.4.28
16 error code ELIFECYCLE
17 verbose exit [ 1, true ]
